<?xml version="1.0" encoding="UTF-8"?>
<!-- Generated by org.testng.reporters.JUnitReportReporter -->
<testsuite hostname="LAPTOP-GRM54025" failures="0" tests="2" name="com.vk.sdetbasic.SeleniumJavaAssignment" time="9.767" errors="0" timestamp="2024-01-02T20:21:01 IST" skipped="0">
  <testcase classname="com.vk.sdetbasic.SeleniumJavaAssignment" name="ps4" time="9.635"/>
  <system-out/>
  <testcase classname="com.vk.sdetbasic.SeleniumJavaAssignment" name="ps3" time="0.132"/>
  <system-out/>
</testsuite> <!-- com.vk.sdetbasic.SeleniumJavaAssignment -->
